-------------------------------------------------------------------------------
Test set: edu.coursera.parallel.ReciprocalArraySumTest
-------------------------------------------------------------------------------
Tests run: 4, Failures: 4, Errors: 0, Skipped: 0, Time elapsed: 62.752 sec <<< FAILURE! - in edu.coursera.parallel.ReciprocalArraySumTest
testParManyTaskTwoHundredMillion(edu.coursera.parallel.ReciprocalArraySumTest)  Time elapsed: 31.269 sec  <<< FAILURE!
junit.framework.AssertionFailedError: It was expected that the many-task parallel implementation would run at least 6.400000x faster, but it only achieved 1.042735x speedup
	at junit.framework.Assert.fail(Assert.java:47)
	at junit.framework.Assert.assertTrue(Assert.java:20)
	at edu.coursera.parallel.ReciprocalArraySumTest.testParManyTaskTwoHundredMillion(ReciprocalArraySumTest.java:155)

testParSimpleTwoMillion(edu.coursera.parallel.ReciprocalArraySumTest)  Time elapsed: 0.322 sec  <<< FAILURE!
junit.framework.AssertionFailedError: It was expected that the two-task parallel implementation would run at least 1.500000x faster, but it only achieved 1.000000x speedup
	at junit.framework.Assert.fail(Assert.java:47)
	at junit.framework.Assert.assertTrue(Assert.java:20)
	at edu.coursera.parallel.ReciprocalArraySumTest.testParSimpleTwoMillion(ReciprocalArraySumTest.java:120)

testParSimpleTwoHundredMillion(edu.coursera.parallel.ReciprocalArraySumTest)  Time elapsed: 30.842 sec  <<< FAILURE!
junit.framework.AssertionFailedError: It was expected that the two-task parallel implementation would run at least 1.500000x faster, but it only achieved 1.030043x speedup
	at junit.framework.Assert.fail(Assert.java:47)
	at junit.framework.Assert.assertTrue(Assert.java:20)
	at edu.coursera.parallel.ReciprocalArraySumTest.testParSimpleTwoHundredMillion(ReciprocalArraySumTest.java:131)

testParManyTaskTwoMillion(edu.coursera.parallel.ReciprocalArraySumTest)  Time elapsed: 0.304 sec  <<< FAILURE!
junit.framework.AssertionFailedError: It was expected that the many-task parallel implementation would run at least 4.800000x faster, but it only achieved 1.000000x speedup
	at junit.framework.Assert.fail(Assert.java:47)
	at junit.framework.Assert.assertTrue(Assert.java:20)
	at edu.coursera.parallel.ReciprocalArraySumTest.testParManyTaskTwoMillion(ReciprocalArraySumTest.java:143)

